\BOOKMARK [1][-]{section.1}{The maps}{}% 1
\BOOKMARK [1][-]{section.2}{The algorithm}{}% 2
\BOOKMARK [1][-]{section.3}{Optimizations}{}% 3
\BOOKMARK [1][-]{section.4}{Heuristics}{}% 4
\BOOKMARK [1][-]{section.5}{benchmarks}{}% 5
\BOOKMARK [2][-]{subsection.5.1}{Map 1}{section.5}% 6
\BOOKMARK [3][-]{subsubsection.5.1.1}{start and goal a}{subsection.5.1}% 7
\BOOKMARK [3][-]{subsubsection.5.1.2}{start and goal b}{subsection.5.1}% 8
\BOOKMARK [3][-]{subsubsection.5.1.3}{start and goal c}{subsection.5.1}% 9
\BOOKMARK [3][-]{subsubsection.5.1.4}{start and goal d}{subsection.5.1}% 10
\BOOKMARK [3][-]{subsubsection.5.1.5}{start and goal e}{subsection.5.1}% 11
\BOOKMARK [3][-]{subsubsection.5.1.6}{start and goal f}{subsection.5.1}% 12
\BOOKMARK [3][-]{subsubsection.5.1.7}{start and goal g}{subsection.5.1}% 13
\BOOKMARK [3][-]{subsubsection.5.1.8}{start and goal h}{subsection.5.1}% 14
\BOOKMARK [3][-]{subsubsection.5.1.9}{start and goal i}{subsection.5.1}% 15
\BOOKMARK [3][-]{subsubsection.5.1.10}{start and goal j}{subsection.5.1}% 16
\BOOKMARK [2][-]{subsection.5.2}{map2}{section.5}% 17
\BOOKMARK [3][-]{subsubsection.5.2.1}{start and goal a}{subsection.5.2}% 18
\BOOKMARK [3][-]{subsubsection.5.2.2}{start and goal b}{subsection.5.2}% 19
\BOOKMARK [3][-]{subsubsection.5.2.3}{start and goal c}{subsection.5.2}% 20
\BOOKMARK [3][-]{subsubsection.5.2.4}{start and goal d}{subsection.5.2}% 21
\BOOKMARK [3][-]{subsubsection.5.2.5}{start and goal e}{subsection.5.2}% 22
\BOOKMARK [3][-]{subsubsection.5.2.6}{start and goal f}{subsection.5.2}% 23
\BOOKMARK [3][-]{subsubsection.5.2.7}{start and goal g}{subsection.5.2}% 24
\BOOKMARK [3][-]{subsubsection.5.2.8}{start and goal h}{subsection.5.2}% 25
\BOOKMARK [3][-]{subsubsection.5.2.9}{start and goal i}{subsection.5.2}% 26
\BOOKMARK [3][-]{subsubsection.5.2.10}{start and goal j}{subsection.5.2}% 27
\BOOKMARK [2][-]{subsection.5.3}{map3}{section.5}% 28
\BOOKMARK [3][-]{subsubsection.5.3.1}{start and goal a}{subsection.5.3}% 29
\BOOKMARK [3][-]{subsubsection.5.3.2}{start and goal b}{subsection.5.3}% 30
\BOOKMARK [3][-]{subsubsection.5.3.3}{start and goal c}{subsection.5.3}% 31
\BOOKMARK [3][-]{subsubsection.5.3.4}{start and goal d}{subsection.5.3}% 32
\BOOKMARK [3][-]{subsubsection.5.3.5}{start and goal e}{subsection.5.3}% 33
\BOOKMARK [3][-]{subsubsection.5.3.6}{start and goal f}{subsection.5.3}% 34
\BOOKMARK [3][-]{subsubsection.5.3.7}{start and goal g}{subsection.5.3}% 35
\BOOKMARK [3][-]{subsubsection.5.3.8}{start and goal h}{subsection.5.3}% 36
\BOOKMARK [3][-]{subsubsection.5.3.9}{start and goal i}{subsection.5.3}% 37
\BOOKMARK [3][-]{subsubsection.5.3.10}{start and goal j}{subsection.5.3}% 38
\BOOKMARK [2][-]{subsection.5.4}{map4}{section.5}% 39
\BOOKMARK [3][-]{subsubsection.5.4.1}{start and goal a}{subsection.5.4}% 40
\BOOKMARK [3][-]{subsubsection.5.4.2}{start and goal b}{subsection.5.4}% 41
\BOOKMARK [3][-]{subsubsection.5.4.3}{start and goal c}{subsection.5.4}% 42
\BOOKMARK [3][-]{subsubsection.5.4.4}{start and goal d}{subsection.5.4}% 43
\BOOKMARK [3][-]{subsubsection.5.4.5}{start and goal e}{subsection.5.4}% 44
\BOOKMARK [3][-]{subsubsection.5.4.6}{start and goal f}{subsection.5.4}% 45
\BOOKMARK [3][-]{subsubsection.5.4.7}{start and goal g}{subsection.5.4}% 46
\BOOKMARK [3][-]{subsubsection.5.4.8}{start and goal h}{subsection.5.4}% 47
\BOOKMARK [3][-]{subsubsection.5.4.9}{start and goal i}{subsection.5.4}% 48
\BOOKMARK [3][-]{subsubsection.5.4.10}{start and goal j}{subsection.5.4}% 49
\BOOKMARK [2][-]{subsection.5.5}{map5}{section.5}% 50
\BOOKMARK [3][-]{subsubsection.5.5.1}{start and goal a}{subsection.5.5}% 51
\BOOKMARK [3][-]{subsubsection.5.5.2}{start and goal b}{subsection.5.5}% 52
\BOOKMARK [3][-]{subsubsection.5.5.3}{start and goal c}{subsection.5.5}% 53
\BOOKMARK [3][-]{subsubsection.5.5.4}{start and goal d}{subsection.5.5}% 54
\BOOKMARK [3][-]{subsubsection.5.5.5}{start and goal e}{subsection.5.5}% 55
\BOOKMARK [3][-]{subsubsection.5.5.6}{start and goal f}{subsection.5.5}% 56
\BOOKMARK [3][-]{subsubsection.5.5.7}{start and goal g}{subsection.5.5}% 57
\BOOKMARK [3][-]{subsubsection.5.5.8}{start and goal h}{subsection.5.5}% 58
\BOOKMARK [3][-]{subsubsection.5.5.9}{start and goal i}{subsection.5.5}% 59
\BOOKMARK [3][-]{subsubsection.5.5.10}{start and goal j}{subsection.5.5}% 60
\BOOKMARK [1][-]{section.6}{Final Explanation}{}% 61
